<?xml version="1.0" encoding="UTF-8"?>
<testsuite name="edu.coursera.concurrent.BoruvkaPerformanceTest" time="130.678" tests="2" errors="0" skipped="0" failures="2">
  <properties>
[...]
</properties>
  <testcase name="testInputUSAroadFLA" classname="edu.coursera.concurrent.BoruvkaPerformanceTest" time="50.673">
    <failure message="Expected speedup of at least 1.700000x, but was 0.795903x" type="junit.framework.AssertionFailedError">junit.framework.AssertionFailedError: Expected speedup of at least 1.700000x, but was 0.795903x
	at junit.framework.Assert.fail(Assert.java:47)
	at junit.framework.Assert.assertTrue(Assert.java:20)
	at edu.coursera.concurrent.BoruvkaPerformanceTest.testInputUSAroadFLA(BoruvkaPerformanceTest.java:113)
</failure>
    <system-err><![CDATA[  src/main/resources/boruvka/USA-road-d.FLA.gr.gz - edu.coursera.concurrent.boruvka.sequential.SeqBoruvka - 1736
  src/main/resources/boruvka/USA-road-d.FLA.gr.gz - edu.coursera.concurrent.boruvka.sequential.SeqBoruvka - 1459
  src/main/resources/boruvka/USA-road-d.FLA.gr.gz - edu.coursera.concurrent.boruvka.sequential.SeqBoruvka - 1088
  src/main/resources/boruvka/USA-road-d.FLA.gr.gz - edu.coursera.concurrent.boruvka.sequential.SeqBoruvka - 1662
  src/main/resources/boruvka/USA-road-d.FLA.gr.gz - edu.coursera.concurrent.boruvka.sequential.SeqBoruvka - 1651
Exception in thread "Thread-1" java.lang.AssertionError
	at edu.coursera.concurrent.SolutionToBoruvka.setSolution(SolutionToBoruvka.java:24)
	at edu.coursera.concurrent.ParBoruvka.computeBoruvka(ParBoruvka.java:70)
	at edu.coursera.concurrent.BoruvkaPerformanceTest.lambda$0(BoruvkaPerformanceTest.java:72)
	at java.base/java.lang.Thread.run(Thread.java:844)
Exception in thread "Thread-3" java.lang.AssertionError
	at edu.coursera.concurrent.SolutionToBoruvka.setSolution(SolutionToBoruvka.java:23)
	at edu.coursera.concurrent.ParBoruvka.computeBoruvka(ParBoruvka.java:70)
	at edu.coursera.concurrent.BoruvkaPerformanceTest.lambda$0(BoruvkaPerformanceTest.java:72)
	at java.base/java.lang.Thread.run(Thread.java:844)
Exception in thread "Thread-0" java.lang.AssertionError
	at edu.coursera.concurrent.SolutionToBoruvka.setSolution(SolutionToBoruvka.java:23)
	at edu.coursera.concurrent.ParBoruvka.computeBoruvka(ParBoruvka.java:70)
	at edu.coursera.concurrent.BoruvkaPerformanceTest.lambda$0(BoruvkaPerformanceTest.java:72)
	at java.base/java.lang.Thread.run(Thread.java:844)
  src/main/resources/boruvka/USA-road-d.FLA.gr.gz - edu.coursera.concurrent.ParBoruvka - 1594
Exception in thread "Thread-7" java.lang.AssertionError
	at edu.coursera.concurrent.SolutionToBoruvka.setSolution(SolutionToBoruvka.java:23)
	at edu.coursera.concurrent.ParBoruvka.computeBoruvka(ParBoruvka.java:70)
	at edu.coursera.concurrent.BoruvkaPerformanceTest.lambda$0(BoruvkaPerformanceTest.java:72)
	at java.base/java.lang.Thread.run(Thread.java:844)
Exception in thread "Thread-6" Exception in thread "Thread-4" java.lang.AssertionError
	at edu.coursera.concurrent.SolutionToBoruvka.setSolution(SolutionToBoruvka.java:23)
	at edu.coursera.concurrent.ParBoruvka.computeBoruvka(ParBoruvka.java:70)
	at edu.coursera.concurrent.BoruvkaPerformanceTest.lambda$0(BoruvkaPerformanceTest.java:72)
	at java.base/java.lang.Thread.run(Thread.java:844)
java.lang.AssertionError
	at edu.coursera.concurrent.SolutionToBoruvka.setSolution(SolutionToBoruvka.java:23)
	at edu.coursera.concurrent.ParBoruvka.computeBoruvka(ParBoruvka.java:70)
	at edu.coursera.concurrent.BoruvkaPerformanceTest.lambda$0(BoruvkaPerformanceTest.java:72)
	at java.base/java.lang.Thread.run(Thread.java:844)
  src/main/resources/boruvka/USA-road-d.FLA.gr.gz - edu.coursera.concurrent.ParBoruvka - 1396
Exception in thread "Thread-9" java.lang.AssertionError
	at edu.coursera.concurrent.SolutionToBoruvka.setSolution(SolutionToBoruvka.java:23)
	at edu.coursera.concurrent.ParBoruvka.computeBoruvka(ParBoruvka.java:70)
	at edu.coursera.concurrent.BoruvkaPerformanceTest.lambda$0(BoruvkaPerformanceTest.java:72)
	at java.base/java.lang.Thread.run(Thread.java:844)
Exception in thread "Thread-11" java.lang.AssertionError
	at edu.coursera.concurrent.SolutionToBoruvka.setSolution(SolutionToBoruvka.java:23)
	at edu.coursera.concurrent.ParBoruvka.computeBoruvka(ParBoruvka.java:70)
	at edu.coursera.concurrent.BoruvkaPerformanceTest.lambda$0(BoruvkaPerformanceTest.java:72)
	at java.base/java.lang.Thread.run(Thread.java:844)
Exception in thread "Thread-8" java.lang.AssertionError
	at edu.coursera.concurrent.SolutionToBoruvka.setSolution(SolutionToBoruvka.java:23)
	at edu.coursera.concurrent.ParBoruvka.computeBoruvka(ParBoruvka.java:70)
	at edu.coursera.concurrent.BoruvkaPerformanceTest.lambda$0(BoruvkaPerformanceTest.java:72)
	at java.base/java.lang.Thread.run(Thread.java:844)
  src/main/resources/boruvka/USA-road-d.FLA.gr.gz - edu.coursera.concurrent.ParBoruvka - 1466
Exception in thread "Thread-13" java.lang.AssertionError
	at edu.coursera.concurrent.SolutionToBoruvka.setSolution(SolutionToBoruvka.java:24)
	at edu.coursera.concurrent.ParBoruvka.computeBoruvka(ParBoruvka.java:70)
	at edu.coursera.concurrent.BoruvkaPerformanceTest.lambda$0(BoruvkaPerformanceTest.java:72)
	at java.base/java.lang.Thread.run(Thread.java:844)
Exception in thread "Thread-12" java.lang.AssertionError
	at edu.coursera.concurrent.SolutionToBoruvka.setSolution(SolutionToBoruvka.java:24)
	at edu.coursera.concurrent.ParBoruvka.computeBoruvka(ParBoruvka.java:70)
	at edu.coursera.concurrent.BoruvkaPerformanceTest.lambda$0(BoruvkaPerformanceTest.java:72)
	at java.base/java.lang.Thread.run(Thread.java:844)
Exception in thread "Thread-15" java.lang.AssertionError
	at edu.coursera.concurrent.SolutionToBoruvka.setSolution(SolutionToBoruvka.java:23)
	at edu.coursera.concurrent.ParBoruvka.computeBoruvka(ParBoruvka.java:70)
	at edu.coursera.concurrent.BoruvkaPerformanceTest.lambda$0(BoruvkaPerformanceTest.java:72)
	at java.base/java.lang.Thread.run(Thread.java:844)
  src/main/resources/boruvka/USA-road-d.FLA.gr.gz - edu.coursera.concurrent.ParBoruvka - 1367
Exception in thread "Thread-18" java.lang.AssertionError
	at edu.coursera.concurrent.SolutionToBoruvka.setSolution(SolutionToBoruvka.java:24)
	at edu.coursera.concurrent.ParBoruvka.computeBoruvka(ParBoruvka.java:70)
	at edu.coursera.concurrent.BoruvkaPerformanceTest.lambda$0(BoruvkaPerformanceTest.java:72)
	at java.base/java.lang.Thread.run(Thread.java:844)
Exception in thread "Thread-19" java.lang.AssertionError
	at edu.coursera.concurrent.SolutionToBoruvka.setSolution(SolutionToBoruvka.java:24)
	at edu.coursera.concurrent.ParBoruvka.computeBoruvka(ParBoruvka.java:70)
	at edu.coursera.concurrent.BoruvkaPerformanceTest.lambda$0(BoruvkaPerformanceTest.java:72)
	at java.base/java.lang.Thread.run(Thread.java:844)
Exception in thread "Thread-17" java.lang.AssertionError
	at edu.coursera.concurrent.SolutionToBoruvka.setSolution(SolutionToBoruvka.java:24)
	at edu.coursera.concurrent.ParBoruvka.computeBoruvka(ParBoruvka.java:70)
	at edu.coursera.concurrent.BoruvkaPerformanceTest.lambda$0(BoruvkaPerformanceTest.java:72)
	at java.base/java.lang.Thread.run(Thread.java:844)
  src/main/resources/boruvka/USA-road-d.FLA.gr.gz - edu.coursera.concurrent.ParBoruvka - 1554
]]></system-err>
  </testcase>
  <testcase name="testInputUSAroadNE" classname="edu.coursera.concurrent.BoruvkaPerformanceTest" time="80.005">
    <failure message="Expected speedup of at least 1.700000x, but was 0.952946x" type="junit.framework.AssertionFailedError">junit.framework.AssertionFailedError: Expected speedup of at least 1.700000x, but was 0.952946x
	at junit.framework.Assert.fail(Assert.java:47)
	at junit.framework.Assert.assertTrue(Assert.java:20)
	at edu.coursera.concurrent.BoruvkaPerformanceTest.testInputUSAroadNE(BoruvkaPerformanceTest.java:124)
</failure>
    <system-err><![CDATA[  src/main/resources/boruvka/USA-road-d.NE.gr.gz - edu.coursera.concurrent.boruvka.sequential.SeqBoruvka - 2806
  src/main/resources/boruvka/USA-road-d.NE.gr.gz - edu.coursera.concurrent.boruvka.sequential.SeqBoruvka - 2599
  src/main/resources/boruvka/USA-road-d.NE.gr.gz - edu.coursera.concurrent.boruvka.sequential.SeqBoruvka - 2473
  src/main/resources/boruvka/USA-road-d.NE.gr.gz - edu.coursera.concurrent.boruvka.sequential.SeqBoruvka - 2410
  src/main/resources/boruvka/USA-road-d.NE.gr.gz - edu.coursera.concurrent.boruvka.sequential.SeqBoruvka - 2495
Exception in thread "Thread-23" java.lang.AssertionError
	at edu.coursera.concurrent.SolutionToBoruvka.setSolution(SolutionToBoruvka.java:24)
	at edu.coursera.concurrent.ParBoruvka.computeBoruvka(ParBoruvka.java:70)
	at edu.coursera.concurrent.BoruvkaPerformanceTest.lambda$0(BoruvkaPerformanceTest.java:72)
	at java.base/java.lang.Thread.run(Thread.java:844)
Exception in thread "Thread-20" java.lang.AssertionError
	at edu.coursera.concurrent.SolutionToBoruvka.setSolution(SolutionToBoruvka.java:24)
	at edu.coursera.concurrent.ParBoruvka.computeBoruvka(ParBoruvka.java:70)
	at edu.coursera.concurrent.BoruvkaPerformanceTest.lambda$0(BoruvkaPerformanceTest.java:72)
	at java.base/java.lang.Thread.run(Thread.java:844)
Exception in thread "Thread-22" java.lang.AssertionError
	at edu.coursera.concurrent.SolutionToBoruvka.setSolution(SolutionToBoruvka.java:24)
	at edu.coursera.concurrent.ParBoruvka.computeBoruvka(ParBoruvka.java:70)
	at edu.coursera.concurrent.BoruvkaPerformanceTest.lambda$0(BoruvkaPerformanceTest.java:72)
	at java.base/java.lang.Thread.run(Thread.java:844)
  src/main/resources/boruvka/USA-road-d.NE.gr.gz - edu.coursera.concurrent.ParBoruvka - 2713
Exception in thread "Thread-26" java.lang.AssertionError
	at edu.coursera.concurrent.SolutionToBoruvka.setSolution(SolutionToBoruvka.java:24)
	at edu.coursera.concurrent.ParBoruvka.computeBoruvka(ParBoruvka.java:70)
	at edu.coursera.concurrent.BoruvkaPerformanceTest.lambda$0(BoruvkaPerformanceTest.java:72)
	at java.base/java.lang.Thread.run(Thread.java:844)
Exception in thread "Thread-27" Exception in thread "Thread-25" java.lang.AssertionError
	at edu.coursera.concurrent.SolutionToBoruvka.setSolution(SolutionToBoruvka.java:23)
	at edu.coursera.concurrent.ParBoruvka.computeBoruvka(ParBoruvka.java:70)
	at edu.coursera.concurrent.BoruvkaPerformanceTest.lambda$0(BoruvkaPerformanceTest.java:72)
	at java.base/java.lang.Thread.run(Thread.java:844)
java.lang.AssertionError
	at edu.coursera.concurrent.SolutionToBoruvka.setSolution(SolutionToBoruvka.java:23)
	at edu.coursera.concurrent.ParBoruvka.computeBoruvka(ParBoruvka.java:70)
	at edu.coursera.concurrent.BoruvkaPerformanceTest.lambda$0(BoruvkaPerformanceTest.java:72)
	at java.base/java.lang.Thread.run(Thread.java:844)
  src/main/resources/boruvka/USA-road-d.NE.gr.gz - edu.coursera.concurrent.ParBoruvka - 2529
Exception in thread "Thread-29" java.lang.AssertionError
	at edu.coursera.concurrent.SolutionToBoruvka.setSolution(SolutionToBoruvka.java:24)
	at edu.coursera.concurrent.ParBoruvka.computeBoruvka(ParBoruvka.java:70)
	at edu.coursera.concurrent.BoruvkaPerformanceTest.lambda$0(BoruvkaPerformanceTest.java:72)
	at java.base/java.lang.Thread.run(Thread.java:844)
Exception in thread "Thread-28" java.lang.AssertionError
	at edu.coursera.concurrent.SolutionToBoruvka.setSolution(SolutionToBoruvka.java:23)
	at edu.coursera.concurrent.ParBoruvka.computeBoruvka(ParBoruvka.java:70)
	at edu.coursera.concurrent.BoruvkaPerformanceTest.lambda$0(BoruvkaPerformanceTest.java:72)
	at java.base/java.lang.Thread.run(Thread.java:844)
Exception in thread "Thread-31" java.lang.AssertionError
	at edu.coursera.concurrent.SolutionToBoruvka.setSolution(SolutionToBoruvka.java:23)
	at edu.coursera.concurrent.ParBoruvka.computeBoruvka(ParBoruvka.java:70)
	at edu.coursera.concurrent.BoruvkaPerformanceTest.lambda$0(BoruvkaPerformanceTest.java:72)
	at java.base/java.lang.Thread.run(Thread.java:844)
  src/main/resources/boruvka/USA-road-d.NE.gr.gz - edu.coursera.concurrent.ParBoruvka - 2726
Exception in thread "Thread-33" java.lang.AssertionError
	at edu.coursera.concurrent.SolutionToBoruvka.setSolution(SolutionToBoruvka.java:24)
	at edu.coursera.concurrent.ParBoruvka.computeBoruvka(ParBoruvka.java:70)
	at edu.coursera.concurrent.BoruvkaPerformanceTest.lambda$0(BoruvkaPerformanceTest.java:72)
	at java.base/java.lang.Thread.run(Thread.java:844)
Exception in thread "Thread-34" java.lang.AssertionError
	at edu.coursera.concurrent.SolutionToBoruvka.setSolution(SolutionToBoruvka.java:23)
	at edu.coursera.concurrent.ParBoruvka.computeBoruvka(ParBoruvka.java:70)
	at edu.coursera.concurrent.BoruvkaPerformanceTest.lambda$0(BoruvkaPerformanceTest.java:72)
	at java.base/java.lang.Thread.run(Thread.java:844)
Exception in thread "Thread-35" java.lang.AssertionError
	at edu.coursera.concurrent.SolutionToBoruvka.setSolution(SolutionToBoruvka.java:23)
	at edu.coursera.concurrent.ParBoruvka.computeBoruvka(ParBoruvka.java:70)
	at edu.coursera.concurrent.BoruvkaPerformanceTest.lambda$0(BoruvkaPerformanceTest.java:72)
	at java.base/java.lang.Thread.run(Thread.java:844)
  src/main/resources/boruvka/USA-road-d.NE.gr.gz - edu.coursera.concurrent.ParBoruvka - 2709
Exception in thread "Thread-38" java.lang.AssertionError
	at edu.coursera.concurrent.SolutionToBoruvka.setSolution(SolutionToBoruvka.java:24)
	at edu.coursera.concurrent.ParBoruvka.computeBoruvka(ParBoruvka.java:70)
	at edu.coursera.concurrent.BoruvkaPerformanceTest.lambda$0(BoruvkaPerformanceTest.java:72)
	at java.base/java.lang.Thread.run(Thread.java:844)
Exception in thread "Thread-37" java.lang.AssertionError
	at edu.coursera.concurrent.SolutionToBoruvka.setSolution(SolutionToBoruvka.java:24)
	at edu.coursera.concurrent.ParBoruvka.computeBoruvka(ParBoruvka.java:70)
	at edu.coursera.concurrent.BoruvkaPerformanceTest.lambda$0(BoruvkaPerformanceTest.java:72)
	at java.base/java.lang.Thread.run(Thread.java:844)
Exception in thread "Thread-39" java.lang.AssertionError
	at edu.coursera.concurrent.SolutionToBoruvka.setSolution(SolutionToBoruvka.java:23)
	at edu.coursera.concurrent.ParBoruvka.computeBoruvka(ParBoruvka.java:70)
	at edu.coursera.concurrent.BoruvkaPerformanceTest.lambda$0(BoruvkaPerformanceTest.java:72)
	at java.base/java.lang.Thread.run(Thread.java:844)
  src/main/resources/boruvka/USA-road-d.NE.gr.gz - edu.coursera.concurrent.ParBoruvka - 2782
]]></system-err>
  </testcase>
</testsuite>